{
  "RSpec": {
    "coverage": {
      "/Users/lionel/code/lionel-k/andela-interview/andela-app/config/environment.rb": [
        null,
        1,
        null,
        null,
        1
      ],
      "/Users/lionel/code/lionel-k/andela-interview/andela-app/config/application.rb": [
        1,
        null,
        1,
        null,
        1,
        1,
        1,
        1,
        1,
        1,
        1,
        1,
        1,
        null,
        null,
        null,
        null,
        1,
        null,
        1,
        1,
        null,
        1,
        null,
        null,
        null,
        null,
        null,
        null,
        null,
        1,
        null,
        null
      ],
      "/Users/lionel/code/lionel-k/andela-interview/andela-app/config/boot.rb": [
        1,
        null,
        1,
        1
      ],
      "/Users/lionel/code/lionel-k/andela-interview/andela-app/config/environments/test.rb": [
        1,
        null,
        null,
        null,
        null,
        null,
        null,
        1,
        null,
        null,
        null,
        null,
        1,
        null,
        null,
        1,
        1,
        null,
        null,
        null,
        null,
        1,
        1,
        null,
        null,
        1,
        null,
        null,
        1,
        null,
        null,
        1,
        null,
        1,
        null,
        null,
        null,
        null,
        1,
        null,
        null,
        1,
        null,
        null,
        null,
        null
      ],
      "/Users/lionel/code/lionel-k/andela-interview/andela-app/config/initializers/application_controller_renderer.rb": [
        null,
        null,
        null,
        null,
        null,
        null,
        null,
        null
      ],
      "/Users/lionel/code/lionel-k/andela-interview/andela-app/config/initializers/assets.rb": [
        null,
        null,
        null,
        1,
        null,
        null,
        null,
        null,
        1,
        null,
        null,
        null,
        null,
        null
      ],
      "/Users/lionel/code/lionel-k/andela-interview/andela-app/config/initializers/backtrace_silencers.rb": [
        null,
        null,
        null,
        null,
        null,
        null,
        null
      ],
      "/Users/lionel/code/lionel-k/andela-interview/andela-app/config/initializers/content_security_policy.rb": [
        null,
        null,
        null,
        null,
        null,
        null,
        null,
        null,
        null,
        null,
        null,
        null,
        null,
        null,
        null,
        null,
        null,
        null,
        null,
        null,
        null,
        null,
        null,
        null,
        null
      ],
      "/Users/lionel/code/lionel-k/andela-interview/andela-app/config/initializers/cookies_serializer.rb": [
        null,
        null,
        null,
        null,
        1
      ],
      "/Users/lionel/code/lionel-k/andela-interview/andela-app/config/initializers/filter_parameter_logging.rb": [
        null,
        null,
        null,
        1
      ],
      "/Users/lionel/code/lionel-k/andela-interview/andela-app/config/initializers/inflections.rb": [
        null,
        null,
        null,
        null,
        null,
        null,
        null,
        null,
        null,
        null,
        null,
        null,
        null,
        null,
        null,
        null
      ],
      "/Users/lionel/code/lionel-k/andela-interview/andela-app/config/initializers/mime_types.rb": [
        null,
        null,
        null,
        null
      ],
      "/Users/lionel/code/lionel-k/andela-interview/andela-app/config/initializers/wrap_parameters.rb": [
        null,
        null,
        null,
        null,
        null,
        null,
        1,
        2,
        null,
        null,
        null,
        null,
        null,
        null
      ],
      "/Users/lionel/code/lionel-k/andela-interview/andela-app/config/routes.rb": [
        1,
        1,
        1,
        null
      ],
      "/Users/lionel/code/lionel-k/andela-interview/andela-app/app/helpers/application_helper.rb": [
        1,
        null
      ],
      "/Users/lionel/code/lionel-k/andela-interview/andela-app/spec/support/database_cleaner.rb": [
        1,
        1,
        1,
        null,
        null,
        1,
        8,
        null,
        null,
        1,
        0,
        null,
        null,
        1,
        8,
        null,
        null,
        1,
        8,
        null,
        null
      ],
      "/Users/lionel/code/lionel-k/andela-interview/andela-app/app/controllers/articles_controller.rb": [
        1,
        1,
        1,
        null,
        null,
        1,
        1,
        null,
        null,
        1,
        1,
        1,
        null,
        null,
        1,
        null,
        1,
        1,
        null,
        null
      ],
      "/Users/lionel/code/lionel-k/andela-interview/andela-app/app/controllers/application_controller.rb": [
        1,
        null
      ],
      "/Users/lionel/code/lionel-k/andela-interview/andela-app/spec/controllers/users_controller_spec.rb": [
        1,
        null,
        1,
        null,
        1,
        1,
        1,
        1,
        null,
        null,
        1,
        1,
        5,
        null,
        null,
        1,
        null,
        1,
        1,
        1,
        null,
        null,
        null
      ],
      "/Users/lionel/code/lionel-k/andela-interview/andela-app/app/controllers/users_controller.rb": [
        1,
        1,
        2,
        null,
        null
      ],
      "/Users/lionel/code/lionel-k/andela-interview/andela-app/spec/models/article_spec.rb": [
        1,
        null,
        1,
        1,
        1,
        1,
        1,
        null,
        null,
        null,
        1,
        null,
        null,
        null
      ],
      "/Users/lionel/code/lionel-k/andela-interview/andela-app/app/models/article.rb": [
        1,
        1,
        null,
        1,
        null
      ],
      "/Users/lionel/code/lionel-k/andela-interview/andela-app/app/models/application_record.rb": [
        1,
        1,
        null
      ],
      "/Users/lionel/code/lionel-k/andela-interview/andela-app/spec/models/user_spec.rb": [
        1,
        null,
        1,
        null,
        null,
        1,
        1,
        1,
        1,
        5,
        null,
        null,
        null,
        null,
        1,
        null,
        null,
        null,
        null,
        1,
        1,
        1,
        1,
        null,
        null,
        null
      ],
      "/Users/lionel/code/lionel-k/andela-interview/andela-app/app/models/user.rb": [
        1,
        1,
        null,
        1,
        null,
        1,
        null,
        5,
        null,
        null
      ]
    },
    "timestamp": 1555433713
  }
}
